                                                 P T O L E M Y
 April 2007 version     Computer: Intel Pentium, Redhat Linux  beboplogin1          07 Feb 19  125741.568

0INPUT... $============================================ Ex=0.740(0p1/2)Kx
0INPUT... reset
                                                 P T O L E M Y
 April 2007 version     Computer: Intel Pentium, Redhat Linux  beboplogin1          07 Feb 19  125741.569

0INPUT... REACTION: 16N(d,3He)15C(5/2+ 0.740) ELAB= 20.000
0INPUT... PARAMETERSET dpsb r0target
0INPUT... $lstep=1 lmin=0 lmax=30 maxlextrap=0 asymptopia=50
0INPUT...  
0INPUT... PROJECTILE
0INPUT... wavefunction av18
 LINKULE AV18     IS LINKULE NUMBER/location      16
0INPUT... r0=1 a=0.5 l=0
0INPUT... ;
0FIXED COMMON BLOCK VERSION OF PTOLEMY,  ALLOCATOR SIZE =  6249990 WORDS.

 Check of LOC:   136707280   136707280
 CURRENT ALLOCATOR SIZE =    6249990 words          BIASES =    136707280   136707264           3
0**** RC OR RC0 MUST BE DEFINED FOR BS.
0**** ERROR DETECTED IN PREVIOUS STEP.


 DATA ENTERING KEYWORDS AND THEIR VALUES ARE:

 A         0.5000JP                     1NUMRANDO                RTL0      NOT DEACCURACY          0.1000JPARAM1   NOT DE
 PARA            RTLI              NOT DEAE                      JPARAM2   NOT DEPARAM1            NOT DERTLI0     NOT DE
 AESQ            JPARAM3           NOT DEPARAM10   NOT DE        RTPR      NOT DEAI                NOT DEJX             1
 PARAM11   NOT DERTPR0             NOT DEAIE                     L               PARAM12           NOT DERTPRI     NOT DE
 AIESQ           LBACK             NOT DEPARAM13   NOT DE        RTPRI0    NOT DEANGLEMAX               9LEPSBACK        
 PARAM14   NOT DERTR               NOT DEANGLEMIN                LMAX      NOT DEPARAM15           NOT DERTR0      NOT DE
 ANGLESTE        LMAXADD                 PARAM16   NOT DE        RTRI      NOT DEASI               NOT DELMAXMULT        
 PARAM17   NOT DERTRI0             NOT DEASO       NOT DE        LMIN      NOT DEPARAM18           NOT DESCATASYM      -2
 ASOI      NOT DELMINMULT                PARAM19   NOT DE        SIZE        2000ASYMPTOP               2LMINSUB         
 PARAM2    NOT DESP                     1ATL       NOT DE        LOOKSTEP       2PARAM20           NOT DESPAM      NOT DE
 ATLI      NOT DELSTEP                   PARAM3    NOT DE        SPAMP           ATPR              NOT DELX        NOT DE
 PARAM4    NOT DESPAMT                   ATPRI     NOT DE        M          625.4PARAM5            NOT DESPFACP          
 ATR       NOT DEMA                      PARAM6    NOT DE        SPFACT          ATRI              NOT DEMAPDIF          
 PARAM7    NOT DEST                      BLOCKSIZ      56        MAPPHI          PARAM8            NOT DESTEP1I          
 BOUNDASY       2MAPSUM                  PARAM9    NOT DE        STEP1R          COULOMBM                MAXCOULI        
 PARB            STEPSIZE          0.1000DELTAVK   0.0500        MAXFUNCT        PARBIGA                 STEPSPER        
 DERIVSTE  0.1000MAXITER                 PARBIGB                 SUMMAX    NOT DEDWCUTOFF          0.2000MAXLEXTR       1
 PARITY          SUMMID            NOT DEE         -5.493        MB              PARP                    SUMMIN    NOT DE
 E*A             MBIGA                  1PART                    SUMPOINT        E*B                     MBIGB          1
 PARX            TAU                     E*BIGA                  MIDMULT   0.9000PHIMID            0.2000TAUI            
 E*BIGB    0.7400MP                      PRINT        100        V               E*P                     MT              
 Q         NOT DEVE                      E*T                     MX              R                  1.259VESQ            
 E*X             MXCA              13.135R0                      VI              ECM               NOT DEMXCB      14.931
 R0E             VIE                     ELAB           2        MXCBIGA    5.683R0ESQ                   VIESQ           
 FITACCUR  0.1000MXCBIGB           10.613RC        NOT DE        VPOLYORD        FITMODE                 MXCGA     13.135
 RC0       NOT DEVSI                     FITMULTI      50        MXCGB     14.931RC0P              NOT DEVSO             
 FITRATIO  0.1000MXCGBIGA           5.683RC0T      NOT DE        VSOI            GAMMADIF               1MXCGBIGB   9.873
 RCP       NOT DEVTL                     GAMMAPHI  0.1000        MXCGP      7.288RCT               NOT DEVTLI            
 GAMMASUM        MXCGT             13.135REALPOWE                VTPR            IMAGPOWE                MXCGX      7.288
 REINITIA        VTPRI                   INELASAC  0.1000        MXCX       7.288RI                NOT DEVTR             
 IPARAM1   NOT DENAITKEN                 RI0       NOT DE        VTRI            IPARAM2           NOT DENBACK           
 RI0E            WRITESTE          NOT DEIPARAM3   NOT DE        NCOSINE        2RI0ESQ                  ZA              
 IPARAM4   NOT DENFIRSTOF                RSI       NOT DE        ZB              IPARAM5           NOT DENODES     NOT DE
 RSI0      NOT DEZBIGA                   J              1        NPCOULOM        RSO               NOT DEZBIGB           
 JA              NPDIF                   RSO0      NOT DE        ZP              JB                     1NPHIADD         
 RSOI      NOT DEZT                      JBIGA                   NPPHI           RSOI0             NOT DEZX              
 JBIGB          5NPSUM                   RTL       NOT DE                        

 THE FOLLOWING OPTIONS HAVE BEEN CHOSEN:

    BATCH       BFACTORS    BLOCKREL    CMANGLES    COMPLEXW    DOASYMPT
    ECHO        EPOWER      EPOWERS     FITV        FORMDERI    GALILEO 
    LMCHOL      ME1STORD    NOCHECKA    NOELASTI    NOSAVEF     NOSAVEMX
    NOSAVESI    NOSCRFIL    NOWRITEW    ONEPASS     POTNONRE    PROJECTI
    QUADRATI    R0TARGET    SUBBORN     SW1OFF      SW2OFF      SW3OFF  
    TRUEMASS    USECORE     USEPROJE    WOODSSAX
             ---- NUMBERED STORAGE CATALOG ----
0  NUMBER   NAME     LENGTH      START        END
0               ALLOCATOR STATISTICS
                                        WORDS   KILOBYTES
 ALLOCATOR SIZE:                      6249990   48828.0
 CURRENT UNCOMPRESSED SIZE:                 0       0.0
 CURRENT COMPRESSED SIZE:                   0       0.0
 PEAK COMPRESSED SIZE:                      0       0.0
0NAME STACK SIZE:                         500
 CURRENT HIGHEST NAME:                      0
 CURRENT NAMES IN USE:                      0
 PEAK NAMES IN USE:                         0
 NUMBER OF ALLOCATOR COMPRESSES:            0


